ETIQUETA CODOP OPERANDO REGISTRO CONTLOC
-  ORG  $4040  DIR_INIC $4040 
----------------
Et1  SWI  -  CONTLOC 4040  
----------------
dos  EORA  5  CONTLOC 4041  
----------------
-  EORA  @5  CONTLOC 4043  
----------------
-  EORA  %111  CONTLOC 4045  
----------------
-  EORA  $6  CONTLOC 4047  
----------------
-  EORA  300  CONTLOC 4049  
----------------
-  EORA  $F  CONTLOC 404c  
----------------
-  EORA  #5  CONTLOC 404e  
----------------
-  EORA  #@5  CONTLOC 4050  
----------------
-  EORA  #1500  CONTLOC 4052  
----------------
-  EORA  1,X  CONTLOC 4052  
----------------
Uno  EORA  255,X  CONTLOC 4052  
----------------
-  EORA  32768,X  CONTLOC 4052  
----------------
-  EORA  $1,+PC  CONTLOC 4052  
----------------
-  EORA  A,X  CONTLOC 4052  
----------------
-  EORA  254,X  CONTLOC 4052  
----------------
-  EORA  6444,X  CONTLOC 4052  
----------------
-  EORA  [1,X]  CONTLOC 4052  
----------------
-  EORA  [6444,X]  CONTLOC 4052  
----------------
-  EORA  [D,X]  CONTLOC 4052  
----------------
-  BLT  UNO  CONTLOC 4054  
----------------
-  LBLT  UNO  CONTLOC 4056  
----------------
-  IBNE  A,UNO  CONTLOC 405a  
----------------
-  DS.B  %001101010010101011  CONTLOC 405a  
----------------
-  END  -  CONTLOC 405a  
----------------
